<?xml version="1.0" encoding="UTF-8" ?>
<testsuites>
  <testsuite errors="0" failures="0" hostname="michael-G73Jh" id="0" name="AdminControllerTests" package="greschelon" tests="1" time="1.059" timestamp="2012-02-08T22:45:26">
      <properties />

      <testcase classname="greschelon.AdminControllerTests" name="testSomething" time="1.033" />

      <system-out><![CDATA[--Output from testSomething--
]]></system-out>

      <system-err><![CDATA[--Output from testSomething--
]]></system-err>

  </testsuite>
</testsuites>
